<?xml version="1.0" encoding="UTF-8"?>
<testsuite name="com.mome.hauoli.web.PostsApiControllerTest" tests="2" skipped="0" failures="0" errors="0" timestamp="2021-06-27T13:13:08" hostname="DESKTOP-J4SOTET" time="0.083">
  <properties/>
  <testcase name="Posts_등록된다" classname="com.mome.hauoli.web.PostsApiControllerTest" time="0.058"/>
  <testcase name="Posts_수정된다" classname="com.mome.hauoli.web.PostsApiControllerTest" time="0.024"/>
  <system-out><![CDATA[2021-06-27 22:13:08.974  INFO 2136 --- [    Test worker] .b.t.c.SpringBootTestContextBootstrapper : Neither @ContextConfiguration nor @ContextHierarchy found for test class [com.mome.hauoli.web.PostsApiControllerTest], using SpringBootContextLoader
2021-06-27 22:13:08.975  INFO 2136 --- [    Test worker] o.s.t.c.support.AbstractContextLoader    : Could not detect default resource locations for test class [com.mome.hauoli.web.PostsApiControllerTest]: no resource found for suffixes {-context.xml, Context.groovy}.
2021-06-27 22:13:08.975  INFO 2136 --- [    Test worker] t.c.s.AnnotationConfigContextLoaderUtils : Could not detect default configuration classes for test class [com.mome.hauoli.web.PostsApiControllerTest]: PostsApiControllerTest does not declare any static, non-private, non-final, nested classes annotated with @Configuration.
2021-06-27 22:13:08.977  INFO 2136 --- [    Test worker] .b.t.c.SpringBootTestContextBootstrapper : Found @SpringBootConfiguration com.mome.hauoli.Application for test class com.mome.hauoli.web.PostsApiControllerTest
2021-06-27 22:13:08.978  INFO 2136 --- [    Test worker] .b.t.c.SpringBootTestContextBootstrapper : Loaded default TestExecutionListener class names from location [META-INF/spring.factories]: [org.springframework.security.test.context.support.WithSecurityContextTestExecutionListener, org.springframework.security.test.context.support.ReactorContextTestExecutionListener, org.springframework.boot.test.autoconfigure.restdocs.RestDocsTestExecutionListener, org.springframework.boot.test.autoconfigure.web.client.MockRestServiceServerResetTestExecutionListener, org.springframework.boot.test.autoconfigure.web.servlet.MockMvcPrintOnlyOnFailureTestExecutionListener, org.springframework.boot.test.autoconfigure.web.servlet.WebDriverTestExecutionListener, org.springframework.boot.test.mock.mockito.MockitoTestExecutionListener, org.springframework.boot.test.mock.mockito.ResetMocksTestExecutionListener, org.springframework.test.context.web.ServletTestExecutionListener, org.springframework.test.context.support.DirtiesContextBeforeModesTestExecutionListener, org.springframework.test.context.support.DependencyInjectionTestExecutionListener, org.springframework.test.context.support.DirtiesContextTestExecutionListener, org.springframework.test.context.transaction.TransactionalTestExecutionListener, org.springframework.test.context.jdbc.SqlScriptsTestExecutionListener]
2021-06-27 22:13:08.979  INFO 2136 --- [    Test worker] .b.t.c.SpringBootTestContextBootstrapper : Using TestExecutionListeners: [org.springframework.test.context.web.ServletTestExecutionListener@73fda436, org.springframework.test.context.support.DirtiesContextBeforeModesTestExecutionListener@6b605358, org.springframework.boot.test.mock.mockito.MockitoTestExecutionListener@62aafa8, org.springframework.boot.test.autoconfigure.SpringBootDependencyInjectionTestExecutionListener@483dbc32, org.springframework.test.context.support.DirtiesContextTestExecutionListener@56ff7d17, org.springframework.test.context.transaction.TransactionalTestExecutionListener@3fec1e03, org.springframework.test.context.jdbc.SqlScriptsTestExecutionListener@6ce8b1b9, org.springframework.security.test.context.support.WithSecurityContextTestExecutionListener@49915c3a, org.springframework.security.test.context.support.ReactorContextTestExecutionListener@642b87da, org.springframework.boot.test.autoconfigure.restdocs.RestDocsTestExecutionListener@3be8815a, org.springframework.boot.test.autoconfigure.web.client.MockRestServiceServerResetTestExecutionListener@12249ae7, org.springframework.boot.test.autoconfigure.web.servlet.MockMvcPrintOnlyOnFailureTestExecutionListener@51977415, org.springframework.boot.test.autoconfigure.web.servlet.WebDriverTestExecutionListener@693a3caa, org.springframework.boot.test.mock.mockito.ResetMocksTestExecutionListener@16a79286]
2021-06-27 22:13:08.986  INFO 2136 --- [    Test worker] o.a.c.c.C.[Tomcat].[localhost].[/]       : Initializing Spring TestDispatcherServlet ''
2021-06-27 22:13:08.986  INFO 2136 --- [    Test worker] o.s.t.web.servlet.TestDispatcherServlet  : Initializing Servlet ''
2021-06-27 22:13:08.987  INFO 2136 --- [    Test worker] o.s.t.web.servlet.TestDispatcherServlet  : Completed initialization in 1 ms
Hibernate: insert into posts (created_date, modified_date, author, content, title) values (?, ?, ?, ?, ?)
Hibernate: select posts0_.id as id1_0_, posts0_.created_date as created_2_0_, posts0_.modified_date as modified3_0_, posts0_.author as author4_0_, posts0_.content as content5_0_, posts0_.title as title6_0_ from posts posts0_
Hibernate: select posts0_.id as id1_0_, posts0_.created_date as created_2_0_, posts0_.modified_date as modified3_0_, posts0_.author as author4_0_, posts0_.content as content5_0_, posts0_.title as title6_0_ from posts posts0_
Hibernate: delete from posts where id=?
2021-06-27 22:13:09.042  INFO 2136 --- [    Test worker] o.a.c.c.C.[Tomcat].[localhost].[/]       : Initializing Spring TestDispatcherServlet ''
2021-06-27 22:13:09.043  INFO 2136 --- [    Test worker] o.s.t.web.servlet.TestDispatcherServlet  : Initializing Servlet ''
2021-06-27 22:13:09.044  INFO 2136 --- [    Test worker] o.s.t.web.servlet.TestDispatcherServlet  : Completed initialization in 1 ms
Hibernate: insert into posts (created_date, modified_date, author, content, title) values (?, ?, ?, ?, ?)
Hibernate: select posts0_.id as id1_0_0_, posts0_.created_date as created_2_0_0_, posts0_.modified_date as modified3_0_0_, posts0_.author as author4_0_0_, posts0_.content as content5_0_0_, posts0_.title as title6_0_0_ from posts posts0_ where posts0_.id=?
Hibernate: update posts set created_date=?, modified_date=?, author=?, content=?, title=? where id=?
Hibernate: select posts0_.id as id1_0_, posts0_.created_date as created_2_0_, posts0_.modified_date as modified3_0_, posts0_.author as author4_0_, posts0_.content as content5_0_, posts0_.title as title6_0_ from posts posts0_
Hibernate: select posts0_.id as id1_0_, posts0_.created_date as created_2_0_, posts0_.modified_date as modified3_0_, posts0_.author as author4_0_, posts0_.content as content5_0_, posts0_.title as title6_0_ from posts posts0_
Hibernate: delete from posts where id=?
]]></system-out>
  <system-err><![CDATA[]]></system-err>
</testsuite>
