<?xml version="1.0" encoding="UTF-8"?>
<testsuite name="com.mome.hauoli.web.HelloControllerTest" tests="2" skipped="0" failures="0" errors="0" timestamp="2021-06-27T13:13:08" hostname="DESKTOP-J4SOTET" time="0.125">
  <properties/>
  <testcase name="hello가_리턴된다" classname="com.mome.hauoli.web.HelloControllerTest" time="0.033"/>
  <testcase name="helloDto가_리턴된다" classname="com.mome.hauoli.web.HelloControllerTest" time="0.091"/>
  <system-out><![CDATA[2021-06-27 22:13:08.034  INFO 2136 --- [    Test worker] .b.t.a.w.s.WebMvcTestContextBootstrapper : Neither @ContextConfiguration nor @ContextHierarchy found for test class [com.mome.hauoli.web.HelloControllerTest], using SpringBootContextLoader
2021-06-27 22:13:08.035  INFO 2136 --- [    Test worker] o.s.t.c.support.AbstractContextLoader    : Could not detect default resource locations for test class [com.mome.hauoli.web.HelloControllerTest]: no resource found for suffixes {-context.xml, Context.groovy}.
2021-06-27 22:13:08.035  INFO 2136 --- [    Test worker] t.c.s.AnnotationConfigContextLoaderUtils : Could not detect default configuration classes for test class [com.mome.hauoli.web.HelloControllerTest]: HelloControllerTest does not declare any static, non-private, non-final, nested classes annotated with @Configuration.
2021-06-27 22:13:08.048  INFO 2136 --- [    Test worker] .b.t.c.SpringBootTestContextBootstrapper : Found @SpringBootConfiguration com.mome.hauoli.Application for test class com.mome.hauoli.web.HelloControllerTest
2021-06-27 22:13:08.049  INFO 2136 --- [    Test worker] .b.t.a.w.s.WebMvcTestContextBootstrapper : Loaded default TestExecutionListener class names from location [META-INF/spring.factories]: [org.springframework.security.test.context.support.WithSecurityContextTestExecutionListener, org.springframework.security.test.context.support.ReactorContextTestExecutionListener, org.springframework.boot.test.autoconfigure.restdocs.RestDocsTestExecutionListener, org.springframework.boot.test.autoconfigure.web.client.MockRestServiceServerResetTestExecutionListener, org.springframework.boot.test.autoconfigure.web.servlet.MockMvcPrintOnlyOnFailureTestExecutionListener, org.springframework.boot.test.autoconfigure.web.servlet.WebDriverTestExecutionListener, org.springframework.boot.test.mock.mockito.MockitoTestExecutionListener, org.springframework.boot.test.mock.mockito.ResetMocksTestExecutionListener, org.springframework.test.context.web.ServletTestExecutionListener, org.springframework.test.context.support.DirtiesContextBeforeModesTestExecutionListener, org.springframework.test.context.support.DependencyInjectionTestExecutionListener, org.springframework.test.context.support.DirtiesContextTestExecutionListener, org.springframework.test.context.transaction.TransactionalTestExecutionListener, org.springframework.test.context.jdbc.SqlScriptsTestExecutionListener]
2021-06-27 22:13:08.050  INFO 2136 --- [    Test worker] .b.t.a.w.s.WebMvcTestContextBootstrapper : Using TestExecutionListeners: [org.springframework.test.context.web.ServletTestExecutionListener@69d957e7, org.springframework.test.context.support.DirtiesContextBeforeModesTestExecutionListener@e959c48, org.springframework.boot.test.mock.mockito.MockitoTestExecutionListener@4757e17b, org.springframework.boot.test.autoconfigure.SpringBootDependencyInjectionTestExecutionListener@3ec628cf, org.springframework.test.context.support.DirtiesContextTestExecutionListener@1d03369f, org.springframework.test.context.transaction.TransactionalTestExecutionListener@3f569eab, org.springframework.test.context.jdbc.SqlScriptsTestExecutionListener@47f2fc03, org.springframework.security.test.context.support.WithSecurityContextTestExecutionListener@48fd3462, org.springframework.security.test.context.support.ReactorContextTestExecutionListener@4c4e442c, org.springframework.boot.test.autoconfigure.restdocs.RestDocsTestExecutionListener@476628c8, org.springframework.boot.test.autoconfigure.web.client.MockRestServiceServerResetTestExecutionListener@1724c6c3, org.springframework.boot.test.autoconfigure.web.servlet.MockMvcPrintOnlyOnFailureTestExecutionListener@36dbae61, org.springframework.boot.test.autoconfigure.web.servlet.WebDriverTestExecutionListener@88ae3b2, org.springframework.boot.test.mock.mockito.ResetMocksTestExecutionListener@7e5caa03]

  .   ____          _            __ _ _
 /\\ / ___'_ __ _ _(_)_ __  __ _ \ \ \ \
( ( )\___ | '_ | '_| | '_ \/ _` | \ \ \ \
 \\/  ___)| |_)| | | | | || (_| |  ) ) ) )
  '  |____| .__|_| |_|_| |_\__, | / / / /
 =========|_|==============|___/=/_/_/_/
 :: Spring Boot ::        (v2.1.7.RELEASE)

2021-06-27 22:13:08.077  INFO 2136 --- [    Test worker] com.mome.hauoli.web.HelloControllerTest  : Starting HelloControllerTest on DESKTOP-J4SOTET with PID 2136 (started by white in C:\Users\white\IdeaProjects\mome)
2021-06-27 22:13:08.077  INFO 2136 --- [    Test worker] com.mome.hauoli.web.HelloControllerTest  : No active profile set, falling back to default profiles: default
2021-06-27 22:13:08.467  INFO 2136 --- [    Test worker] o.s.s.concurrent.ThreadPoolTaskExecutor  : Initializing ExecutorService 'applicationTaskExecutor'
2021-06-27 22:13:08.490  INFO 2136 --- [    Test worker] o.s.b.a.w.s.WelcomePageHandlerMapping    : Adding welcome page template: index
2021-06-27 22:13:08.662  INFO 2136 --- [    Test worker] .s.s.UserDetailsServiceAutoConfiguration : 

Using generated security password: 11ec5cd0-b4fd-40cf-87cc-ebf72a05a370

2021-06-27 22:13:08.785  INFO 2136 --- [    Test worker] o.s.s.web.DefaultSecurityFilterChain     : Creating filter chain: any request, [org.springframework.security.web.context.request.async.WebAsyncManagerIntegrationFilter@792bbdf8, org.springframework.security.web.context.SecurityContextPersistenceFilter@e7a95df, org.springframework.security.web.header.HeaderWriterFilter@27d66a10, org.springframework.security.web.csrf.CsrfFilter@17ce5fd1, org.springframework.security.web.authentication.logout.LogoutFilter@4d7488fd, org.springframework.security.web.authentication.UsernamePasswordAuthenticationFilter@19b398be, org.springframework.security.web.authentication.ui.DefaultLoginPageGeneratingFilter@10d2e268, org.springframework.security.web.authentication.ui.DefaultLogoutPageGeneratingFilter@2eafa2be, org.springframework.security.web.authentication.www.BasicAuthenticationFilter@4b9dddf, org.springframework.security.web.savedrequest.RequestCacheAwareFilter@5ad2b915, org.springframework.security.web.servletapi.SecurityContextHolderAwareRequestFilter@4e40deb5, org.springframework.security.web.authentication.AnonymousAuthenticationFilter@64b2d591, org.springframework.security.web.session.SessionManagementFilter@420399ec, org.springframework.security.web.access.ExceptionTranslationFilter@67766144, org.springframework.security.web.access.intercept.FilterSecurityInterceptor@44c80c84]
2021-06-27 22:13:08.805  INFO 2136 --- [    Test worker] o.s.b.t.m.w.SpringBootMockServletContext : Initializing Spring TestDispatcherServlet ''
2021-06-27 22:13:08.805  INFO 2136 --- [    Test worker] o.s.t.web.servlet.TestDispatcherServlet  : Initializing Servlet ''
2021-06-27 22:13:08.817  INFO 2136 --- [    Test worker] o.s.t.web.servlet.TestDispatcherServlet  : Completed initialization in 12 ms
2021-06-27 22:13:08.843  INFO 2136 --- [    Test worker] com.mome.hauoli.web.HelloControllerTest  : Started HelloControllerTest in 0.791 seconds (JVM running for 11.432)
]]></system-out>
  <system-err><![CDATA[]]></system-err>
</testsuite>
