<?xml version="1.0" encoding="UTF-8"?>
<testsuite name="com.mome.hauoli.web.domain.posts.PostsRepositoryTest" tests="2" skipped="0" failures="0" errors="0" timestamp="2021-06-27T13:13:07" hostname="DESKTOP-J4SOTET" time="0.117">
  <properties/>
  <testcase name="게시글저장_불러오기" classname="com.mome.hauoli.web.domain.posts.PostsRepositoryTest" time="0.108"/>
  <testcase name="BaseTimeEntity_등록" classname="com.mome.hauoli.web.domain.posts.PostsRepositoryTest" time="0.008"/>
  <system-out><![CDATA[2021-06-27 22:13:06.186  INFO 2136 --- [    Test worker] .b.t.c.SpringBootTestContextBootstrapper : Neither @ContextConfiguration nor @ContextHierarchy found for test class [com.mome.hauoli.web.domain.posts.PostsRepositoryTest], using SpringBootContextLoader
2021-06-27 22:13:06.187  INFO 2136 --- [    Test worker] o.s.t.c.support.AbstractContextLoader    : Could not detect default resource locations for test class [com.mome.hauoli.web.domain.posts.PostsRepositoryTest]: no resource found for suffixes {-context.xml, Context.groovy}.
2021-06-27 22:13:06.187  INFO 2136 --- [    Test worker] t.c.s.AnnotationConfigContextLoaderUtils : Could not detect default configuration classes for test class [com.mome.hauoli.web.domain.posts.PostsRepositoryTest]: PostsRepositoryTest does not declare any static, non-private, non-final, nested classes annotated with @Configuration.
2021-06-27 22:13:06.199  INFO 2136 --- [    Test worker] .b.t.c.SpringBootTestContextBootstrapper : Found @SpringBootConfiguration com.mome.hauoli.Application for test class com.mome.hauoli.web.domain.posts.PostsRepositoryTest
2021-06-27 22:13:06.200  INFO 2136 --- [    Test worker] .b.t.c.SpringBootTestContextBootstrapper : Loaded default TestExecutionListener class names from location [META-INF/spring.factories]: [org.springframework.security.test.context.support.WithSecurityContextTestExecutionListener, org.springframework.security.test.context.support.ReactorContextTestExecutionListener, org.springframework.boot.test.autoconfigure.restdocs.RestDocsTestExecutionListener, org.springframework.boot.test.autoconfigure.web.client.MockRestServiceServerResetTestExecutionListener, org.springframework.boot.test.autoconfigure.web.servlet.MockMvcPrintOnlyOnFailureTestExecutionListener, org.springframework.boot.test.autoconfigure.web.servlet.WebDriverTestExecutionListener, org.springframework.boot.test.mock.mockito.MockitoTestExecutionListener, org.springframework.boot.test.mock.mockito.ResetMocksTestExecutionListener, org.springframework.test.context.web.ServletTestExecutionListener, org.springframework.test.context.support.DirtiesContextBeforeModesTestExecutionListener, org.springframework.test.context.support.DependencyInjectionTestExecutionListener, org.springframework.test.context.support.DirtiesContextTestExecutionListener, org.springframework.test.context.transaction.TransactionalTestExecutionListener, org.springframework.test.context.jdbc.SqlScriptsTestExecutionListener]
2021-06-27 22:13:06.201  INFO 2136 --- [    Test worker] .b.t.c.SpringBootTestContextBootstrapper : Using TestExecutionListeners: [org.springframework.test.context.web.ServletTestExecutionListener@23b5c5b4, org.springframework.test.context.support.DirtiesContextBeforeModesTestExecutionListener@7d92d29d, org.springframework.boot.test.mock.mockito.MockitoTestExecutionListener@4a466e73, org.springframework.boot.test.autoconfigure.SpringBootDependencyInjectionTestExecutionListener@2a53c7be, org.springframework.test.context.support.DirtiesContextTestExecutionListener@27c62f25, org.springframework.test.context.transaction.TransactionalTestExecutionListener@4c2b077a, org.springframework.test.context.jdbc.SqlScriptsTestExecutionListener@3567cd7a, org.springframework.security.test.context.support.WithSecurityContextTestExecutionListener@13d925f, org.springframework.security.test.context.support.ReactorContextTestExecutionListener@17142a5a, org.springframework.boot.test.autoconfigure.restdocs.RestDocsTestExecutionListener@310ff15, org.springframework.boot.test.autoconfigure.web.client.MockRestServiceServerResetTestExecutionListener@817fe10, org.springframework.boot.test.autoconfigure.web.servlet.MockMvcPrintOnlyOnFailureTestExecutionListener@65552a27, org.springframework.boot.test.autoconfigure.web.servlet.WebDriverTestExecutionListener@53259a2d, org.springframework.boot.test.mock.mockito.ResetMocksTestExecutionListener@57c92f0b]

  .   ____          _            __ _ _
 /\\ / ___'_ __ _ _(_)_ __  __ _ \ \ \ \
( ( )\___ | '_ | '_| | '_ \/ _` | \ \ \ \
 \\/  ___)| |_)| | | | | || (_| |  ) ) ) )
  '  |____| .__|_| |_|_| |_\__, | / / / /
 =========|_|==============|___/=/_/_/_/
 :: Spring Boot ::        (v2.1.7.RELEASE)

2021-06-27 22:13:06.235  INFO 2136 --- [    Test worker] c.m.h.w.d.posts.PostsRepositoryTest      : Starting PostsRepositoryTest on DESKTOP-J4SOTET with PID 2136 (started by white in C:\Users\white\IdeaProjects\mome)
2021-06-27 22:13:06.235  INFO 2136 --- [    Test worker] c.m.h.w.d.posts.PostsRepositoryTest      : No active profile set, falling back to default profiles: default
2021-06-27 22:13:06.522  INFO 2136 --- [    Test worker] .s.d.r.c.RepositoryConfigurationDelegate : Bootstrapping Spring Data repositories in DEFAULT mode.
2021-06-27 22:13:06.554  INFO 2136 --- [    Test worker] .s.d.r.c.RepositoryConfigurationDelegate : Finished Spring Data repository scanning in 32ms. Found 2 repository interfaces.
2021-06-27 22:13:06.701  INFO 2136 --- [    Test worker] trationDelegate$BeanPostProcessorChecker : Bean 'org.springframework.transaction.annotation.ProxyTransactionManagementConfiguration' of type [org.springframework.transaction.annotation.ProxyTransactionManagementConfiguration$$EnhancerBySpringCGLIB$$96e87147] is not eligible for getting processed by all BeanPostProcessors (for example: not eligible for auto-proxying)
2021-06-27 22:13:06.782  INFO 2136 --- [    Test worker] com.zaxxer.hikari.HikariDataSource       : HikariPool-2 - Starting...
2021-06-27 22:13:06.782  INFO 2136 --- [    Test worker] com.zaxxer.hikari.HikariDataSource       : HikariPool-2 - Start completed.
2021-06-27 22:13:06.808  INFO 2136 --- [    Test worker] o.hibernate.jpa.internal.util.LogHelper  : HHH000204: Processing PersistenceUnitInfo [
	name: default
	...]
2021-06-27 22:13:06.817  INFO 2136 --- [    Test worker] org.hibernate.dialect.Dialect            : HHH000400: Using dialect: org.hibernate.dialect.MySQL5InnoDBDialect
Hibernate: drop table if exists posts
Hibernate: drop table if exists user
Hibernate: create table posts (id bigint not null auto_increment, created_date datetime, modified_date datetime, author varchar(255), content TEXT not null, title varchar(500) not null, primary key (id)) engine=InnoDB
Hibernate: create table user (id bigint not null auto_increment, created_date datetime, modified_date datetime, email varchar(255) not null, name varchar(255) not null, picture varchar(255), role varchar(255) not null, primary key (id)) engine=InnoDB
2021-06-27 22:13:06.860  INFO 2136 --- [    Test worker] o.h.t.schema.internal.SchemaCreatorImpl  : HHH000476: Executing import script 'org.hibernate.tool.schema.internal.exec.ScriptSourceInputNonExistentImpl@24e0c3b7'
2021-06-27 22:13:06.860  INFO 2136 --- [    Test worker] j.LocalContainerEntityManagerFactoryBean : Initialized JPA EntityManagerFactory for persistence unit 'default'
2021-06-27 22:13:07.039  INFO 2136 --- [    Test worker] o.h.h.i.QueryTranslatorFactoryInitiator  : HHH000397: Using ASTQueryTranslatorFactory
2021-06-27 22:13:07.204  INFO 2136 --- [    Test worker] o.s.s.web.DefaultSecurityFilterChain     : Creating filter chain: any request, [org.springframework.security.web.context.request.async.WebAsyncManagerIntegrationFilter@48858aeb, org.springframework.security.web.context.SecurityContextPersistenceFilter@d716180, org.springframework.security.web.header.HeaderWriterFilter@3e60789c, org.springframework.security.web.authentication.logout.LogoutFilter@4cda736e, org.springframework.security.oauth2.client.web.OAuth2AuthorizationRequestRedirectFilter@346507ac, org.springframework.security.oauth2.client.web.OAuth2LoginAuthenticationFilter@35d43913, org.springframework.security.web.authentication.ui.DefaultLoginPageGeneratingFilter@4aa176db, org.springframework.security.web.authentication.ui.DefaultLogoutPageGeneratingFilter@1da79aec, org.springframework.security.web.savedrequest.RequestCacheAwareFilter@3e9ca5b3, org.springframework.security.web.servletapi.SecurityContextHolderAwareRequestFilter@3059e64, org.springframework.security.web.authentication.AnonymousAuthenticationFilter@1e3b693, org.springframework.security.web.session.SessionManagementFilter@73c7555a, org.springframework.security.web.access.ExceptionTranslationFilter@2863b16, org.springframework.security.web.access.intercept.FilterSecurityInterceptor@74c43669]
2021-06-27 22:13:07.509  INFO 2136 --- [    Test worker] o.s.s.concurrent.ThreadPoolTaskExecutor  : Initializing ExecutorService 'applicationTaskExecutor'
2021-06-27 22:13:07.521  WARN 2136 --- [    Test worker] aWebConfiguration$JpaWebMvcConfiguration : spring.jpa.open-in-view is enabled by default. Therefore, database queries may be performed during view rendering. Explicitly configure spring.jpa.open-in-view to disable this warning
2021-06-27 22:13:07.546  INFO 2136 --- [    Test worker] o.s.b.a.w.s.WelcomePageHandlerMapping    : Adding welcome page template: index
2021-06-27 22:13:07.897  INFO 2136 --- [    Test worker] s.a.ScheduledAnnotationBeanPostProcessor : No TaskScheduler/ScheduledExecutorService bean found for scheduled processing
2021-06-27 22:13:07.898  INFO 2136 --- [    Test worker] c.m.h.w.d.posts.PostsRepositoryTest      : Started PostsRepositoryTest in 1.691 seconds (JVM running for 10.486)
Hibernate: insert into posts (created_date, modified_date, author, content, title) values (?, ?, ?, ?, ?)
Hibernate: select posts0_.id as id1_0_, posts0_.created_date as created_2_0_, posts0_.modified_date as modified3_0_, posts0_.author as author4_0_, posts0_.content as content5_0_, posts0_.title as title6_0_ from posts posts0_
Hibernate: select posts0_.id as id1_0_, posts0_.created_date as created_2_0_, posts0_.modified_date as modified3_0_, posts0_.author as author4_0_, posts0_.content as content5_0_, posts0_.title as title6_0_ from posts posts0_
Hibernate: delete from posts where id=?
Hibernate: insert into posts (created_date, modified_date, author, content, title) values (?, ?, ?, ?, ?)
Hibernate: select posts0_.id as id1_0_, posts0_.created_date as created_2_0_, posts0_.modified_date as modified3_0_, posts0_.author as author4_0_, posts0_.content as content5_0_, posts0_.title as title6_0_ from posts posts0_
>>>>> createDate=2021-06-27T22:13:08.018, modifiedDate=2021-06-27T22:13:08.018
Hibernate: select posts0_.id as id1_0_, posts0_.created_date as created_2_0_, posts0_.modified_date as modified3_0_, posts0_.author as author4_0_, posts0_.content as content5_0_, posts0_.title as title6_0_ from posts posts0_
Hibernate: delete from posts where id=?
]]></system-out>
  <system-err><![CDATA[]]></system-err>
</testsuite>
