<?xml version="1.0" encoding="UTF-8"?>
<testsuite name="com.mome.hauoli.web.domain.posts.PostsRepositoryTest" tests="1" skipped="0" failures="0" errors="0" timestamp="2021-05-15T13:03:19" hostname="DESKTOP-J4SOTET" time="0.457">
  <properties/>
  <testcase name="게시글저장_불러오기" classname="com.mome.hauoli.web.domain.posts.PostsRepositoryTest" time="0.457"/>
  <system-out><![CDATA[22:03:15.480 [Test worker] DEBUG org.springframework.test.context.junit4.SpringJUnit4ClassRunner - SpringJUnit4ClassRunner constructor called with [class com.mome.hauoli.web.domain.posts.PostsRepositoryTest]
22:03:15.486 [Test worker] DEBUG org.springframework.test.context.BootstrapUtils - Instantiating CacheAwareContextLoaderDelegate from class [org.springframework.test.context.cache.DefaultCacheAwareContextLoaderDelegate]
22:03:15.495 [Test worker] DEBUG org.springframework.test.context.BootstrapUtils - Instantiating BootstrapContext using constructor [public org.springframework.test.context.support.DefaultBootstrapContext(java.lang.Class,org.springframework.test.context.CacheAwareContextLoaderDelegate)]
22:03:15.511 [Test worker] DEBUG org.springframework.test.context.BootstrapUtils - Instantiating TestContextBootstrapper for test class [com.mome.hauoli.web.domain.posts.PostsRepositoryTest] from class [org.springframework.boot.test.context.SpringBootTestContextBootstrapper]
22:03:15.522 [Test worker] INFO org.springframework.boot.test.context.SpringBootTestContextBootstrapper - Neither @ContextConfiguration nor @ContextHierarchy found for test class [com.mome.hauoli.web.domain.posts.PostsRepositoryTest], using SpringBootContextLoader
22:03:15.525 [Test worker] DEBUG org.springframework.test.context.support.AbstractContextLoader - Did not detect default resource location for test class [com.mome.hauoli.web.domain.posts.PostsRepositoryTest]: class path resource [com/mome/hauoli/web/domain/posts/PostsRepositoryTest-context.xml] does not exist
22:03:15.525 [Test worker] DEBUG org.springframework.test.context.support.AbstractContextLoader - Did not detect default resource location for test class [com.mome.hauoli.web.domain.posts.PostsRepositoryTest]: class path resource [com/mome/hauoli/web/domain/posts/PostsRepositoryTestContext.groovy] does not exist
22:03:15.525 [Test worker] INFO org.springframework.test.context.support.AbstractContextLoader - Could not detect default resource locations for test class [com.mome.hauoli.web.domain.posts.PostsRepositoryTest]: no resource found for suffixes {-context.xml, Context.groovy}.
22:03:15.526 [Test worker] INFO org.springframework.test.context.support.AnnotationConfigContextLoaderUtils - Could not detect default configuration classes for test class [com.mome.hauoli.web.domain.posts.PostsRepositoryTest]: PostsRepositoryTest does not declare any static, non-private, non-final, nested classes annotated with @Configuration.
22:03:15.566 [Test worker] DEBUG org.springframework.test.context.support.ActiveProfilesUtils - Could not find an 'annotation declaring class' for annotation type [org.springframework.test.context.ActiveProfiles] and class [com.mome.hauoli.web.domain.posts.PostsRepositoryTest]
22:03:15.653 [Test worker] DEBUG org.springframework.context.annotation.ClassPathScanningCandidateComponentProvider - Identified candidate component class: file [C:\Users\white\IdeaProjects\mome\build\classes\java\main\com\mome\hauoli\Application.class]
22:03:15.654 [Test worker] INFO org.springframework.boot.test.context.SpringBootTestContextBootstrapper - Found @SpringBootConfiguration com.mome.hauoli.Application for test class com.mome.hauoli.web.domain.posts.PostsRepositoryTest
22:03:15.742 [Test worker] DEBUG org.springframework.boot.test.context.SpringBootTestContextBootstrapper - @TestExecutionListeners is not present for class [com.mome.hauoli.web.domain.posts.PostsRepositoryTest]: using defaults.
22:03:15.742 [Test worker] INFO org.springframework.boot.test.context.SpringBootTestContextBootstrapper - Loaded default TestExecutionListener class names from location [META-INF/spring.factories]: [org.springframework.boot.test.autoconfigure.restdocs.RestDocsTestExecutionListener, org.springframework.boot.test.autoconfigure.web.client.MockRestServiceServerResetTestExecutionListener, org.springframework.boot.test.autoconfigure.web.servlet.MockMvcPrintOnlyOnFailureTestExecutionListener, org.springframework.boot.test.autoconfigure.web.servlet.WebDriverTestExecutionListener, org.springframework.boot.test.mock.mockito.MockitoTestExecutionListener, org.springframework.boot.test.mock.mockito.ResetMocksTestExecutionListener, org.springframework.test.context.web.ServletTestExecutionListener, org.springframework.test.context.support.DirtiesContextBeforeModesTestExecutionListener, org.springframework.test.context.support.DependencyInjectionTestExecutionListener, org.springframework.test.context.support.DirtiesContextTestExecutionListener, org.springframework.test.context.transaction.TransactionalTestExecutionListener, org.springframework.test.context.jdbc.SqlScriptsTestExecutionListener]
22:03:15.759 [Test worker] INFO org.springframework.boot.test.context.SpringBootTestContextBootstrapper - Using TestExecutionListeners: [org.springframework.test.context.web.ServletTestExecutionListener@5fa2b782, org.springframework.test.context.support.DirtiesContextBeforeModesTestExecutionListener@480c0657, org.springframework.boot.test.mock.mockito.MockitoTestExecutionListener@18768a44, org.springframework.boot.test.autoconfigure.SpringBootDependencyInjectionTestExecutionListener@7ba98b99, org.springframework.test.context.support.DirtiesContextTestExecutionListener@31fd3dc9, org.springframework.test.context.transaction.TransactionalTestExecutionListener@196bbb1f, org.springframework.test.context.jdbc.SqlScriptsTestExecutionListener@356326dc, org.springframework.boot.test.autoconfigure.restdocs.RestDocsTestExecutionListener@2a186aa, org.springframework.boot.test.autoconfigure.web.client.MockRestServiceServerResetTestExecutionListener@5a6af042, org.springframework.boot.test.autoconfigure.web.servlet.MockMvcPrintOnlyOnFailureTestExecutionListener@1e1d0b53, org.springframework.boot.test.autoconfigure.web.servlet.WebDriverTestExecutionListener@32e48b8a, org.springframework.boot.test.mock.mockito.ResetMocksTestExecutionListener@3cfecfaa]
22:03:15.762 [Test worker] DEBUG org.springframework.test.annotation.ProfileValueUtils - Retrieved @ProfileValueSourceConfiguration [null] for test class [com.mome.hauoli.web.domain.posts.PostsRepositoryTest]
22:03:15.763 [Test worker] DEBUG org.springframework.test.annotation.ProfileValueUtils - Retrieved ProfileValueSource type [class org.springframework.test.annotation.SystemProfileValueSource] for class [com.mome.hauoli.web.domain.posts.PostsRepositoryTest]
22:03:15.766 [Test worker] DEBUG org.springframework.test.annotation.ProfileValueUtils - Retrieved @ProfileValueSourceConfiguration [null] for test class [com.mome.hauoli.web.domain.posts.PostsRepositoryTest]
22:03:15.766 [Test worker] DEBUG org.springframework.test.annotation.ProfileValueUtils - Retrieved ProfileValueSource type [class org.springframework.test.annotation.SystemProfileValueSource] for class [com.mome.hauoli.web.domain.posts.PostsRepositoryTest]
22:03:15.766 [Test worker] DEBUG org.springframework.test.annotation.ProfileValueUtils - Retrieved @ProfileValueSourceConfiguration [null] for test class [com.mome.hauoli.web.domain.posts.PostsRepositoryTest]
22:03:15.767 [Test worker] DEBUG org.springframework.test.annotation.ProfileValueUtils - Retrieved ProfileValueSource type [class org.springframework.test.annotation.SystemProfileValueSource] for class [com.mome.hauoli.web.domain.posts.PostsRepositoryTest]
22:03:15.771 [Test worker] DEBUG org.springframework.test.context.support.AbstractDirtiesContextTestExecutionListener - Before test class: context [DefaultTestContext@76df312 testClass = PostsRepositoryTest, testInstance = [null], testMethod = [null], testException = [null], mergedContextConfiguration = [WebMergedContextConfiguration@239959c1 testClass = PostsRepositoryTest, locations = '{}', classes = '{class com.mome.hauoli.Application}', contextInitializerClasses = '[]', activeProfiles = '{}', propertySourceLocations = '{}', propertySourceProperties = '{org.springframework.boot.test.context.SpringBootTestContextBootstrapper=true}', contextCustomizers = set[org.springframework.boot.test.autoconfigure.properties.PropertyMappingContextCustomizer@0, org.springframework.boot.test.autoconfigure.web.servlet.WebDriverContextCustomizerFactory$Customizer@979d999, org.springframework.boot.test.context.filter.ExcludeFilterContextCustomizer@2435e31e, org.springframework.boot.test.json.DuplicateJsonObjectContextCustomizerFactory$DuplicateJsonObjectContextCustomizer@13b41e1f, org.springframework.boot.test.mock.mockito.MockitoContextCustomizer@0, org.springframework.boot.test.web.client.TestRestTemplateContextCustomizer@7096a365], resourceBasePath = 'src/main/webapp', contextLoader = 'org.springframework.boot.test.context.SpringBootContextLoader', parent = [null]], attributes = map['org.springframework.test.context.web.ServletTestExecutionListener.activateListener' -> true]], class annotated with @DirtiesContext [false] with mode [null].
22:03:15.771 [Test worker] DEBUG org.springframework.test.annotation.ProfileValueUtils - Retrieved @ProfileValueSourceConfiguration [null] for test class [com.mome.hauoli.web.domain.posts.PostsRepositoryTest]
22:03:15.771 [Test worker] DEBUG org.springframework.test.annotation.ProfileValueUtils - Retrieved ProfileValueSource type [class org.springframework.test.annotation.SystemProfileValueSource] for class [com.mome.hauoli.web.domain.posts.PostsRepositoryTest]
22:03:15.790 [Test worker] DEBUG org.springframework.test.context.support.TestPropertySourceUtils - Adding inlined properties to environment: {spring.jmx.enabled=false, org.springframework.boot.test.context.SpringBootTestContextBootstrapper=true, server.port=-1}

  .   ____          _            __ _ _
 /\\ / ___'_ __ _ _(_)_ __  __ _ \ \ \ \
( ( )\___ | '_ | '_| | '_ \/ _` | \ \ \ \
 \\/  ___)| |_)| | | | | || (_| |  ) ) ) )
  '  |____| .__|_| |_|_| |_\__, | / / / /
 =========|_|==============|___/=/_/_/_/
 :: Spring Boot ::        (v2.1.7.RELEASE)

2021-05-15 22:03:16.003  INFO 2424 --- [    Test worker] c.m.h.w.d.posts.PostsRepositoryTest      : Starting PostsRepositoryTest on DESKTOP-J4SOTET with PID 2424 (started by white in C:\Users\white\IdeaProjects\mome)
2021-05-15 22:03:16.004  INFO 2424 --- [    Test worker] c.m.h.w.d.posts.PostsRepositoryTest      : No active profile set, falling back to default profiles: default
2021-05-15 22:03:16.598  INFO 2424 --- [    Test worker] .s.d.r.c.RepositoryConfigurationDelegate : Bootstrapping Spring Data repositories in DEFAULT mode.
2021-05-15 22:03:16.660  INFO 2424 --- [    Test worker] .s.d.r.c.RepositoryConfigurationDelegate : Finished Spring Data repository scanning in 54ms. Found 1 repository interfaces.
2021-05-15 22:03:16.998  INFO 2424 --- [    Test worker] trationDelegate$BeanPostProcessorChecker : Bean 'org.springframework.transaction.annotation.ProxyTransactionManagementConfiguration' of type [org.springframework.transaction.annotation.ProxyTransactionManagementConfiguration$$EnhancerBySpringCGLIB$$91080a96] is not eligible for getting processed by all BeanPostProcessors (for example: not eligible for auto-proxying)
2021-05-15 22:03:17.192  INFO 2424 --- [    Test worker] com.zaxxer.hikari.HikariDataSource       : HikariPool-1 - Starting...
2021-05-15 22:03:17.375  INFO 2424 --- [    Test worker] com.zaxxer.hikari.HikariDataSource       : HikariPool-1 - Start completed.
2021-05-15 22:03:17.454  INFO 2424 --- [    Test worker] o.hibernate.jpa.internal.util.LogHelper  : HHH000204: Processing PersistenceUnitInfo [
	name: default
	...]
2021-05-15 22:03:17.520  INFO 2424 --- [    Test worker] org.hibernate.Version                    : HHH000412: Hibernate Core {5.3.10.Final}
2021-05-15 22:03:17.522  INFO 2424 --- [    Test worker] org.hibernate.cfg.Environment            : HHH000206: hibernate.properties not found
2021-05-15 22:03:17.671  INFO 2424 --- [    Test worker] o.hibernate.annotations.common.Version   : HCANN000001: Hibernate Commons Annotations {5.0.4.Final}
2021-05-15 22:03:17.831  INFO 2424 --- [    Test worker] org.hibernate.dialect.Dialect            : HHH000400: Using dialect: org.hibernate.dialect.MySQL5InnoDBDialect
Hibernate: drop table if exists posts
Hibernate: create table posts (id bigint not null auto_increment, author varchar(255), content TEXT not null, title varchar(500) not null, primary key (id)) engine=InnoDB
2021-05-15 22:03:18.401  INFO 2424 --- [    Test worker] o.h.t.schema.internal.SchemaCreatorImpl  : HHH000476: Executing import script 'org.hibernate.tool.schema.internal.exec.ScriptSourceInputNonExistentImpl@51029e38'
2021-05-15 22:03:18.403  INFO 2424 --- [    Test worker] j.LocalContainerEntityManagerFactoryBean : Initialized JPA EntityManagerFactory for persistence unit 'default'
2021-05-15 22:03:19.298  INFO 2424 --- [    Test worker] o.s.s.concurrent.ThreadPoolTaskExecutor  : Initializing ExecutorService 'applicationTaskExecutor'
2021-05-15 22:03:19.354  WARN 2424 --- [    Test worker] aWebConfiguration$JpaWebMvcConfiguration : spring.jpa.open-in-view is enabled by default. Therefore, database queries may be performed during view rendering. Explicitly configure spring.jpa.open-in-view to disable this warning
2021-05-15 22:03:19.746  INFO 2424 --- [    Test worker] c.m.h.w.d.posts.PostsRepositoryTest      : Started PostsRepositoryTest in 3.948 seconds (JVM running for 5.042)
Hibernate: insert into posts (author, content, title) values (?, ?, ?)
2021-05-15 22:03:20.018  INFO 2424 --- [    Test worker] o.h.h.i.QueryTranslatorFactoryInitiator  : HHH000397: Using ASTQueryTranslatorFactory
Hibernate: select posts0_.id as id1_0_, posts0_.author as author2_0_, posts0_.content as content3_0_, posts0_.title as title4_0_ from posts posts0_
Hibernate: select posts0_.id as id1_0_, posts0_.author as author2_0_, posts0_.content as content3_0_, posts0_.title as title4_0_ from posts posts0_
Hibernate: delete from posts where id=?
]]></system-out>
  <system-err><![CDATA[]]></system-err>
</testsuite>
